<?xml version="1.0" encoding="UTF-8"?>
<coverage generated="1522862656674" clover="3.2.0">
  <project timestamp="1522862656674" name="All files">
    <metrics statements="33" coveredstatements="23" conditionals="19" coveredconditionals="9" methods="13" coveredmethods="9" elements="65" coveredelements="41" complexity="0" loc="33" ncloc="33" packages="5" files="10" classes="10">
      <package name="__tests__">
        <metrics statements="1" coveredstatements="1" conditionals="0" coveredconditionals="0" methods="0" coveredmethods="0"/>
        <file name="setup.js" path="/home/rodrigoangelo/projetos/gonative-rocketseat/desafio05/__tests__/setup.js">
          <metrics statements="1" coveredstatements="1" conditionals="0" coveredconditionals="0" methods="0" coveredmethods="0"/>
          <line num="4" count="2" type="stmt"/>
        </file>
      </package>
      <package name="src.components.Player">
        <metrics statements="9" coveredstatements="9" conditionals="6" coveredconditionals="6" methods="3" coveredmethods="3"/>
        <file name="index.js" path="/home/rodrigoangelo/projetos/gonative-rocketseat/desafio05/src/components/Player/index.js">
          <metrics statements="8" coveredstatements="8" conditionals="6" coveredconditionals="6" methods="3" coveredmethods="3"/>
          <line num="13" count="1" type="stmt"/>
          <line num="16" count="6" type="cond" truecount="2" falsecount="0"/>
          <line num="18" count="5" type="cond" truecount="2" falsecount="0"/>
          <line num="19" count="5" type="cond" truecount="2" falsecount="0"/>
          <line num="21" count="5" type="stmt"/>
          <line num="43" count="1" type="stmt"/>
          <line num="57" count="6" type="stmt"/>
          <line num="61" count="6" type="stmt"/>
        </file>
        <file name="styles.js" path="/home/rodrigoangelo/projetos/gonative-rocketseat/desafio05/src/components/Player/styles.js">
          <metrics statements="1" coveredstatements="1" conditionals="0" coveredconditionals="0" methods="0" coveredmethods="0"/>
          <line num="5" count="1" type="stmt"/>
        </file>
      </package>
      <package name="src.components.SongItem">
        <metrics statements="5" coveredstatements="5" conditionals="2" coveredconditionals="1" methods="2" coveredmethods="2"/>
        <file name="index.js" path="/home/rodrigoangelo/projetos/gonative-rocketseat/desafio05/src/components/SongItem/index.js">
          <metrics statements="4" coveredstatements="4" conditionals="2" coveredconditionals="1" methods="2" coveredmethods="2"/>
          <line num="11" count="1" type="stmt"/>
          <line num="12" count="1" type="stmt"/>
          <line num="25" count="1" type="stmt"/>
          <line num="37" count="1" type="stmt"/>
        </file>
        <file name="styles.js" path="/home/rodrigoangelo/projetos/gonative-rocketseat/desafio05/src/components/SongItem/styles.js">
          <metrics statements="1" coveredstatements="1" conditionals="0" coveredconditionals="0" methods="0" coveredmethods="0"/>
          <line num="4" count="1" type="stmt"/>
        </file>
      </package>
      <package name="src.store.ducks">
        <metrics statements="17" coveredstatements="7" conditionals="7" coveredconditionals="0" methods="8" coveredmethods="4"/>
        <file name="player.js" path="/home/rodrigoangelo/projetos/gonative-rocketseat/desafio05/src/store/ducks/player.js">
          <metrics statements="17" coveredstatements="7" conditionals="7" coveredconditionals="0" methods="8" coveredmethods="4"/>
          <line num="3" count="1" type="stmt"/>
          <line num="13" count="1" type="stmt"/>
          <line num="22" count="0" type="cond" truecount="0" falsecount="6"/>
          <line num="24" count="0" type="stmt"/>
          <line num="26" count="0" type="stmt"/>
          <line num="34" count="0" type="stmt"/>
          <line num="36" count="0" type="stmt"/>
          <line num="38" count="0" type="stmt"/>
          <line num="40" count="0" type="stmt"/>
          <line num="44" count="1" type="stmt"/>
          <line num="45" count="0" type="stmt"/>
          <line num="53" count="0" type="stmt"/>
          <line num="61" count="0" type="stmt"/>
          <line num="68" count="2" type="stmt"/>
          <line num="72" count="2" type="stmt"/>
          <line num="76" count="2" type="stmt"/>
          <line num="80" count="2" type="stmt"/>
        </file>
      </package>
      <package name="src.styles">
        <metrics statements="1" coveredstatements="1" conditionals="4" coveredconditionals="2" methods="0" coveredmethods="0"/>
        <file name="colors.js" path="/home/rodrigoangelo/projetos/gonative-rocketseat/desafio05/src/styles/colors.js">
          <metrics statements="0" coveredstatements="0" conditionals="0" coveredconditionals="0" methods="0" coveredmethods="0"/>
        </file>
        <file name="general.js" path="/home/rodrigoangelo/projetos/gonative-rocketseat/desafio05/src/styles/general.js">
          <metrics statements="0" coveredstatements="0" conditionals="0" coveredconditionals="0" methods="0" coveredmethods="0"/>
        </file>
        <file name="index.js" path="/home/rodrigoangelo/projetos/gonative-rocketseat/desafio05/src/styles/index.js">
          <metrics statements="0" coveredstatements="0" conditionals="0" coveredconditionals="0" methods="0" coveredmethods="0"/>
        </file>
        <file name="metrics.js" path="/home/rodrigoangelo/projetos/gonative-rocketseat/desafio05/src/styles/metrics.js">
          <metrics statements="1" coveredstatements="1" conditionals="4" coveredconditionals="2" methods="0" coveredmethods="0"/>
          <line num="3" count="2" type="stmt"/>
        </file>
      </package>
    </metrics>
  </project>
</coverage>
