{"/home/rodrigoangelo/projetos/gonative-rocketseat/desafio05/__tests__/setup.js": {"path":"/home/rodrigoangelo/projetos/gonative-rocketseat/desafio05/__tests__/setup.js","statementMap":{"0":{"start":{"line":4,"column":0},"end":{"line":4,"column":45}}},"fnMap":{},"branchMap":{},"s":{"0":2},"f":{},"b":{},"_coverageSchema":"332fd63041d2c1bcb487cc26dd0d5f7d97098a6c","hash":"d1f818d6988506c0e57a0bd3ab249e654465f6d9"}
,"/home/rodrigoangelo/projetos/gonative-rocketseat/desafio05/src/components/Player/index.js": {"path":"/home/rodrigoangelo/projetos/gonative-rocketseat/desafio05/src/components/Player/index.js","statementMap":{"0":{"start":{"line":13,"column":15},"end":{"line":41,"column":1}},"1":{"start":{"line":16,"column":2},"end":{"line":16,"column":39}},"2":{"start":{"line":16,"column":27},"end":{"line":16,"column":39}},"3":{"start":{"line":18,"column":24},"end":{"line":18,"column":52}},"4":{"start":{"line":19,"column":15},"end":{"line":19,"column":75}},"5":{"start":{"line":21,"column":2},"end":{"line":40,"column":4}},"6":{"start":{"line":43,"column":0},"end":{"line":55,"column":2}},"7":{"start":{"line":57,"column":24},"end":{"line":59,"column":2}},"8":{"start":{"line":57,"column":34},"end":{"line":59,"column":1}},"9":{"start":{"line":61,"column":27},"end":{"line":61,"column":82}},"10":{"start":{"line":61,"column":39},"end":{"line":61,"column":82}}},"fnMap":{"0":{"name":"(anonymous_0)","decl":{"start":{"line":13,"column":15},"end":{"line":13,"column":16}},"loc":{"start":{"line":15,"column":6},"end":{"line":41,"column":1}},"line":15},"1":{"name":"(anonymous_1)","decl":{"start":{"line":57,"column":24},"end":{"line":57,"column":25}},"loc":{"start":{"line":57,"column":34},"end":{"line":59,"column":1}},"line":57},"2":{"name":"(anonymous_2)","decl":{"start":{"line":61,"column":27},"end":{"line":61,"column":28}},"loc":{"start":{"line":61,"column":39},"end":{"line":61,"column":82}},"line":61}},"branchMap":{"0":{"loc":{"start":{"line":16,"column":2},"end":{"line":16,"column":39}},"type":"if","locations":[{"start":{"line":16,"column":2},"end":{"line":16,"column":39}},{"start":{"line":16,"column":2},"end":{"line":16,"column":39}}],"line":16},"1":{"loc":{"start":{"line":18,"column":24},"end":{"line":18,"column":52}},"type":"cond-expr","locations":[{"start":{"line":18,"column":40},"end":{"line":18,"column":44}},{"start":{"line":18,"column":47},"end":{"line":18,"column":52}}],"line":18},"2":{"loc":{"start":{"line":19,"column":15},"end":{"line":19,"column":75}},"type":"cond-expr","locations":[{"start":{"line":19,"column":31},"end":{"line":19,"column":51}},{"start":{"line":19,"column":54},"end":{"line":19,"column":75}}],"line":19}},"s":{"0":1,"1":6,"2":1,"3":5,"4":5,"5":5,"6":1,"7":1,"8":6,"9":1,"10":6},"f":{"0":6,"1":6,"2":6},"b":{"0":[1,5],"1":[1,4],"2":[1,4]},"_coverageSchema":"332fd63041d2c1bcb487cc26dd0d5f7d97098a6c","hash":"90561ea3e061c69edc9f1ecd0b55bd37645b41fd"}
,"/home/rodrigoangelo/projetos/gonative-rocketseat/desafio05/src/components/Player/styles.js": {"path":"/home/rodrigoangelo/projetos/gonative-rocketseat/desafio05/src/components/Player/styles.js","statementMap":{"0":{"start":{"line":5,"column":15},"end":{"line":46,"column":2}}},"fnMap":{},"branchMap":{},"s":{"0":1},"f":{},"b":{},"_coverageSchema":"332fd63041d2c1bcb487cc26dd0d5f7d97098a6c","hash":"6dbdf12a03efa79128c139fc4bd42a6a7731f19d"}
,"/home/rodrigoangelo/projetos/gonative-rocketseat/desafio05/src/components/SongItem/index.js": {"path":"/home/rodrigoangelo/projetos/gonative-rocketseat/desafio05/src/components/SongItem/index.js","statementMap":{"0":{"start":{"line":11,"column":17},"end":{"line":23,"column":1}},"1":{"start":{"line":12,"column":2},"end":{"line":22,"column":21}},"2":{"start":{"line":25,"column":0},"end":{"line":35,"column":2}},"3":{"start":{"line":37,"column":24},"end":{"line":39,"column":2}},"4":{"start":{"line":37,"column":34},"end":{"line":39,"column":1}}},"fnMap":{"0":{"name":"(anonymous_0)","decl":{"start":{"line":11,"column":17},"end":{"line":11,"column":18}},"loc":{"start":{"line":12,"column":2},"end":{"line":22,"column":21}},"line":12},"1":{"name":"(anonymous_1)","decl":{"start":{"line":37,"column":24},"end":{"line":37,"column":25}},"loc":{"start":{"line":37,"column":34},"end":{"line":39,"column":1}},"line":37}},"branchMap":{"0":{"loc":{"start":{"line":17,"column":5},"end":{"line":21,"column":5}},"type":"cond-expr","locations":[{"start":{"line":18,"column":6},"end":{"line":18,"column":76}},{"start":{"line":20,"column":6},"end":{"line":20,"column":71}}],"line":17}},"s":{"0":1,"1":1,"2":1,"3":1,"4":1},"f":{"0":1,"1":1},"b":{"0":[0,1]},"_coverageSchema":"332fd63041d2c1bcb487cc26dd0d5f7d97098a6c","hash":"b3d87c37c26c328cbaa71b6a660f39d3c232c15f"}
,"/home/rodrigoangelo/projetos/gonative-rocketseat/desafio05/src/components/SongItem/styles.js": {"path":"/home/rodrigoangelo/projetos/gonative-rocketseat/desafio05/src/components/SongItem/styles.js","statementMap":{"0":{"start":{"line":4,"column":15},"end":{"line":35,"column":2}}},"fnMap":{},"branchMap":{},"s":{"0":1},"f":{},"b":{},"_coverageSchema":"332fd63041d2c1bcb487cc26dd0d5f7d97098a6c","hash":"b7052d2b2c53ec31e9515fbd22514291b258d640"}
,"/home/rodrigoangelo/projetos/gonative-rocketseat/desafio05/src/store/ducks/player.js": {"path":"/home/rodrigoangelo/projetos/gonative-rocketseat/desafio05/src/store/ducks/player.js","statementMap":{"0":{"start":{"line":3,"column":21},"end":{"line":11,"column":1}},"1":{"start":{"line":13,"column":21},"end":{"line":19,"column":2}},"2":{"start":{"line":22,"column":2},"end":{"line":41,"column":3}},"3":{"start":{"line":24,"column":6},"end":{"line":24,"column":59}},"4":{"start":{"line":26,"column":6},"end":{"line":32,"column":8}},"5":{"start":{"line":34,"column":6},"end":{"line":34,"column":70}},"6":{"start":{"line":36,"column":6},"end":{"line":36,"column":41}},"7":{"start":{"line":38,"column":6},"end":{"line":38,"column":40}},"8":{"start":{"line":40,"column":6},"end":{"line":40,"column":19}},"9":{"start":{"line":44,"column":24},"end":{"line":83,"column":1}},"10":{"start":{"line":45,"column":35},"end":{"line":51,"column":3}},"11":{"start":{"line":53,"column":35},"end":{"line":59,"column":3}},"12":{"start":{"line":61,"column":28},"end":{"line":66,"column":3}},"13":{"start":{"line":68,"column":15},"end":{"line":70,"column":3}},"14":{"start":{"line":72,"column":16},"end":{"line":74,"column":3}},"15":{"start":{"line":76,"column":15},"end":{"line":78,"column":3}},"16":{"start":{"line":80,"column":19},"end":{"line":82,"column":3}}},"fnMap":{"0":{"name":"player","decl":{"start":{"line":21,"column":24},"end":{"line":21,"column":30}},"loc":{"start":{"line":21,"column":61},"end":{"line":42,"column":1}},"line":21},"1":{"name":"(anonymous_1)","decl":{"start":{"line":45,"column":18},"end":{"line":45,"column":19}},"loc":{"start":{"line":45,"column":35},"end":{"line":51,"column":3}},"line":45},"2":{"name":"(anonymous_2)","decl":{"start":{"line":53,"column":18},"end":{"line":53,"column":19}},"loc":{"start":{"line":53,"column":35},"end":{"line":59,"column":3}},"line":53},"3":{"name":"(anonymous_3)","decl":{"start":{"line":61,"column":18},"end":{"line":61,"column":19}},"loc":{"start":{"line":61,"column":28},"end":{"line":66,"column":3}},"line":61},"4":{"name":"(anonymous_4)","decl":{"start":{"line":68,"column":8},"end":{"line":68,"column":9}},"loc":{"start":{"line":68,"column":15},"end":{"line":70,"column":3}},"line":68},"5":{"name":"(anonymous_5)","decl":{"start":{"line":72,"column":9},"end":{"line":72,"column":10}},"loc":{"start":{"line":72,"column":16},"end":{"line":74,"column":3}},"line":72},"6":{"name":"(anonymous_6)","decl":{"start":{"line":76,"column":8},"end":{"line":76,"column":9}},"loc":{"start":{"line":76,"column":15},"end":{"line":78,"column":3}},"line":76},"7":{"name":"(anonymous_7)","decl":{"start":{"line":80,"column":12},"end":{"line":80,"column":13}},"loc":{"start":{"line":80,"column":19},"end":{"line":82,"column":3}},"line":80}},"branchMap":{"0":{"loc":{"start":{"line":21,"column":31},"end":{"line":21,"column":51}},"type":"default-arg","locations":[{"start":{"line":21,"column":39},"end":{"line":21,"column":51}}],"line":21},"1":{"loc":{"start":{"line":22,"column":2},"end":{"line":41,"column":3}},"type":"switch","locations":[{"start":{"line":23,"column":4},"end":{"line":24,"column":59}},{"start":{"line":25,"column":4},"end":{"line":32,"column":8}},{"start":{"line":33,"column":4},"end":{"line":34,"column":70}},{"start":{"line":35,"column":4},"end":{"line":36,"column":41}},{"start":{"line":37,"column":4},"end":{"line":38,"column":40}},{"start":{"line":39,"column":4},"end":{"line":40,"column":19}}],"line":22}},"s":{"0":1,"1":1,"2":0,"3":0,"4":0,"5":0,"6":0,"7":0,"8":0,"9":1,"10":0,"11":0,"12":0,"13":2,"14":2,"15":2,"16":2},"f":{"0":0,"1":0,"2":0,"3":0,"4":2,"5":2,"6":2,"7":2},"b":{"0":[0],"1":[0,0,0,0,0,0]},"_coverageSchema":"332fd63041d2c1bcb487cc26dd0d5f7d97098a6c","hash":"7c045fa88a650b83ffe192c3f2e4142aa64462e5"}
,"/home/rodrigoangelo/projetos/gonative-rocketseat/desafio05/src/styles/colors.js": {"path":"/home/rodrigoangelo/projetos/gonative-rocketseat/desafio05/src/styles/colors.js","statementMap":{},"fnMap":{},"branchMap":{},"s":{},"f":{},"b":{},"_coverageSchema":"332fd63041d2c1bcb487cc26dd0d5f7d97098a6c","hash":"daff95a13dc68d0984c2f938982da3f40e62e240"}
,"/home/rodrigoangelo/projetos/gonative-rocketseat/desafio05/src/styles/general.js": {"path":"/home/rodrigoangelo/projetos/gonative-rocketseat/desafio05/src/styles/general.js","statementMap":{},"fnMap":{},"branchMap":{},"s":{},"f":{},"b":{},"_coverageSchema":"332fd63041d2c1bcb487cc26dd0d5f7d97098a6c","hash":"85c2bbde21bcf4a3e450d06372a81d4639648dd9"}
,"/home/rodrigoangelo/projetos/gonative-rocketseat/desafio05/src/styles/index.js": {"path":"/home/rodrigoangelo/projetos/gonative-rocketseat/desafio05/src/styles/index.js","statementMap":{},"fnMap":{},"branchMap":{},"s":{},"f":{},"b":{},"_coverageSchema":"332fd63041d2c1bcb487cc26dd0d5f7d97098a6c","hash":"169f0df350f84162b45fbeb261afd007789059a9"}
,"/home/rodrigoangelo/projetos/gonative-rocketseat/desafio05/src/styles/metrics.js": {"path":"/home/rodrigoangelo/projetos/gonative-rocketseat/desafio05/src/styles/metrics.js","statementMap":{"0":{"start":{"line":3,"column":26},"end":{"line":3,"column":50}}},"fnMap":{},"branchMap":{"0":{"loc":{"start":{"line":9,"column":15},"end":{"line":9,"column":46}},"type":"cond-expr","locations":[{"start":{"line":9,"column":32},"end":{"line":9,"column":37}},{"start":{"line":9,"column":40},"end":{"line":9,"column":46}}],"line":9},"1":{"loc":{"start":{"line":10,"column":16},"end":{"line":10,"column":47}},"type":"cond-expr","locations":[{"start":{"line":10,"column":33},"end":{"line":10,"column":39}},{"start":{"line":10,"column":42},"end":{"line":10,"column":47}}],"line":10}},"s":{"0":2},"f":{},"b":{"0":[2,0],"1":[2,0]},"_coverageSchema":"332fd63041d2c1bcb487cc26dd0d5f7d97098a6c","hash":"2ddb877ba451fe170eb62fe9f4e08e311a447bd6"}
}
