TN:
SF:/home/rodrigoangelo/projetos/gonative-rocketseat/desafio05/__tests__/setup.js
FNF:0
FNH:0
DA:4,2
LF:1
LH:1
BRF:0
BRH:0
end_of_record
TN:
SF:/home/rodrigoangelo/projetos/gonative-rocketseat/desafio05/src/components/Player/index.js
FN:13,(anonymous_0)
FN:57,(anonymous_1)
FN:61,(anonymous_2)
FNF:3
FNH:3
FNDA:6,(anonymous_0)
FNDA:6,(anonymous_1)
FNDA:6,(anonymous_2)
DA:13,1
DA:16,6
DA:18,5
DA:19,5
DA:21,5
DA:43,1
DA:57,6
DA:61,6
LF:8
LH:8
BRDA:16,0,0,1
BRDA:16,0,1,5
BRDA:18,1,0,1
BRDA:18,1,1,4
BRDA:19,2,0,1
BRDA:19,2,1,4
BRF:6
BRH:6
end_of_record
TN:
SF:/home/rodrigoangelo/projetos/gonative-rocketseat/desafio05/src/components/Player/styles.js
FNF:0
FNH:0
DA:5,1
LF:1
LH:1
BRF:0
BRH:0
end_of_record
TN:
SF:/home/rodrigoangelo/projetos/gonative-rocketseat/desafio05/src/components/SongItem/index.js
FN:11,(anonymous_0)
FN:37,(anonymous_1)
FNF:2
FNH:2
FNDA:1,(anonymous_0)
FNDA:1,(anonymous_1)
DA:11,1
DA:12,1
DA:25,1
DA:37,1
LF:4
LH:4
BRDA:17,0,0,0
BRDA:17,0,1,1
BRF:2
BRH:1
end_of_record
TN:
SF:/home/rodrigoangelo/projetos/gonative-rocketseat/desafio05/src/components/SongItem/styles.js
FNF:0
FNH:0
DA:4,1
LF:1
LH:1
BRF:0
BRH:0
end_of_record
TN:
SF:/home/rodrigoangelo/projetos/gonative-rocketseat/desafio05/src/store/ducks/player.js
FN:21,player
FN:45,(anonymous_1)
FN:53,(anonymous_2)
FN:61,(anonymous_3)
FN:68,(anonymous_4)
FN:72,(anonymous_5)
FN:76,(anonymous_6)
FN:80,(anonymous_7)
FNF:8
FNH:4
FNDA:0,player
FNDA:0,(anonymous_1)
FNDA:0,(anonymous_2)
FNDA:0,(anonymous_3)
FNDA:2,(anonymous_4)
FNDA:2,(anonymous_5)
FNDA:2,(anonymous_6)
FNDA:2,(anonymous_7)
DA:3,1
DA:13,1
DA:22,0
DA:24,0
DA:26,0
DA:34,0
DA:36,0
DA:38,0
DA:40,0
DA:44,1
DA:45,0
DA:53,0
DA:61,0
DA:68,2
DA:72,2
DA:76,2
DA:80,2
LF:17
LH:7
BRDA:21,0,0,0
BRDA:22,1,0,0
BRDA:22,1,1,0
BRDA:22,1,2,0
BRDA:22,1,3,0
BRDA:22,1,4,0
BRDA:22,1,5,0
BRF:7
BRH:0
end_of_record
TN:
SF:/home/rodrigoangelo/projetos/gonative-rocketseat/desafio05/src/styles/colors.js
FNF:0
FNH:0
LF:0
LH:0
BRF:0
BRH:0
end_of_record
TN:
SF:/home/rodrigoangelo/projetos/gonative-rocketseat/desafio05/src/styles/general.js
FNF:0
FNH:0
LF:0
LH:0
BRF:0
BRH:0
end_of_record
TN:
SF:/home/rodrigoangelo/projetos/gonative-rocketseat/desafio05/src/styles/index.js
FNF:0
FNH:0
LF:0
LH:0
BRF:0
BRH:0
end_of_record
TN:
SF:/home/rodrigoangelo/projetos/gonative-rocketseat/desafio05/src/styles/metrics.js
FNF:0
FNH:0
DA:3,2
LF:1
LH:1
BRDA:9,0,0,2
BRDA:9,0,1,0
BRDA:10,1,0,2
BRDA:10,1,1,0
BRF:4
BRH:2
end_of_record
