{"/home/rodrigoangelo/projetos/gonative-rocketseat/modulo05/__tests__/setup.js": {"path":"/home/rodrigoangelo/projetos/gonative-rocketseat/modulo05/__tests__/setup.js","statementMap":{"0":{"start":{"line":4,"column":0},"end":{"line":4,"column":45}}},"fnMap":{},"branchMap":{},"s":{"0":5},"f":{},"b":{},"_coverageSchema":"332fd63041d2c1bcb487cc26dd0d5f7d97098a6c","hash":"f4128f935d8622fe6a5853d16bb1b107a8484bab"}
,"/home/rodrigoangelo/projetos/gonative-rocketseat/modulo05/src/List.js": {"path":"/home/rodrigoangelo/projetos/gonative-rocketseat/modulo05/src/List.js","statementMap":{"0":{"start":{"line":13,"column":18},"end":{"line":13,"column":79}},"1":{"start":{"line":15,"column":4},"end":{"line":15,"column":29}},"2":{"start":{"line":19,"column":4},"end":{"line":24,"column":7}},"3":{"start":{"line":28,"column":4},"end":{"line":30,"column":7}},"4":{"start":{"line":29,"column":45},"end":{"line":29,"column":59}},"5":{"start":{"line":34,"column":4},"end":{"line":37,"column":6}},"6":{"start":{"line":41,"column":4},"end":{"line":45,"column":17}},"7":{"start":{"line":43,"column":8},"end":{"line":43,"column":69}},"8":{"start":{"line":49,"column":4},"end":{"line":60,"column":6}}},"fnMap":{"0":{"name":"(anonymous_0)","decl":{"start":{"line":12,"column":2},"end":{"line":12,"column":3}},"loc":{"start":{"line":12,"column":28},"end":{"line":16,"column":3}},"line":12},"1":{"name":"(anonymous_1)","decl":{"start":{"line":18,"column":12},"end":{"line":18,"column":13}},"loc":{"start":{"line":18,"column":18},"end":{"line":25,"column":3}},"line":18},"2":{"name":"(anonymous_2)","decl":{"start":{"line":27,"column":15},"end":{"line":27,"column":16}},"loc":{"start":{"line":27,"column":21},"end":{"line":31,"column":3}},"line":27},"3":{"name":"(anonymous_3)","decl":{"start":{"line":29,"column":37},"end":{"line":29,"column":38}},"loc":{"start":{"line":29,"column":45},"end":{"line":29,"column":59}},"line":29},"4":{"name":"(anonymous_4)","decl":{"start":{"line":33,"column":14},"end":{"line":33,"column":15}},"loc":{"start":{"line":33,"column":26},"end":{"line":38,"column":3}},"line":33},"5":{"name":"(anonymous_5)","decl":{"start":{"line":40,"column":16},"end":{"line":40,"column":17}},"loc":{"start":{"line":41,"column":4},"end":{"line":45,"column":17}},"line":41},"6":{"name":"(anonymous_6)","decl":{"start":{"line":42,"column":28},"end":{"line":42,"column":29}},"loc":{"start":{"line":43,"column":8},"end":{"line":43,"column":69}},"line":43},"7":{"name":"(anonymous_7)","decl":{"start":{"line":48,"column":2},"end":{"line":48,"column":3}},"loc":{"start":{"line":48,"column":11},"end":{"line":61,"column":3}},"line":48}},"branchMap":{"0":{"loc":{"start":{"line":13,"column":18},"end":{"line":13,"column":79}},"type":"binary-expr","locations":[{"start":{"line":13,"column":18},"end":{"line":13,"column":73}},{"start":{"line":13,"column":77},"end":{"line":13,"column":79}}],"line":13},"1":{"loc":{"start":{"line":51,"column":9},"end":{"line":55,"column":9}},"type":"cond-expr","locations":[{"start":{"line":52,"column":10},"end":{"line":52,"column":28}},{"start":{"line":54,"column":10},"end":{"line":54,"column":34}}],"line":51}},"s":{"0":6,"1":0,"2":1,"3":1,"4":3,"5":1,"6":6,"7":15,"8":12},"f":{"0":6,"1":1,"2":1,"3":3,"4":1,"5":6,"6":15,"7":12},"b":{"0":[6,0],"1":[6,6]},"_coverageSchema":"332fd63041d2c1bcb487cc26dd0d5f7d97098a6c","hash":"0ad4e08b7a7aa936e1f4baef31b69cd064eb7daf"}
,"/home/rodrigoangelo/projetos/gonative-rocketseat/modulo05/src/Post.js": {"path":"/home/rodrigoangelo/projetos/gonative-rocketseat/modulo05/src/Post.js","statementMap":{"0":{"start":{"line":5,"column":13},"end":{"line":12,"column":1}},"1":{"start":{"line":6,"column":2},"end":{"line":11,"column":9}},"2":{"start":{"line":10,"column":47},"end":{"line":10,"column":64}}},"fnMap":{"0":{"name":"(anonymous_0)","decl":{"start":{"line":5,"column":13},"end":{"line":5,"column":14}},"loc":{"start":{"line":6,"column":2},"end":{"line":11,"column":9}},"line":6},"1":{"name":"(anonymous_1)","decl":{"start":{"line":10,"column":41},"end":{"line":10,"column":42}},"loc":{"start":{"line":10,"column":47},"end":{"line":10,"column":64}},"line":10}},"branchMap":{},"s":{"0":2,"1":1,"2":1},"f":{"0":1,"1":1},"b":{},"_coverageSchema":"332fd63041d2c1bcb487cc26dd0d5f7d97098a6c","hash":"0780386041d8f756c9babf1a1e823494747e9538"}
,"/home/rodrigoangelo/projetos/gonative-rocketseat/modulo05/src/TodoList.js": {"path":"/home/rodrigoangelo/projetos/gonative-rocketseat/modulo05/src/TodoList.js","statementMap":{"0":{"start":{"line":9,"column":17},"end":{"line":15,"column":1}},"1":{"start":{"line":10,"column":2},"end":{"line":14,"column":9}},"2":{"start":{"line":11,"column":23},"end":{"line":11,"column":61}},"3":{"start":{"line":17,"column":24},"end":{"line":19,"column":2}},"4":{"start":{"line":17,"column":34},"end":{"line":19,"column":1}},"5":{"start":{"line":21,"column":25},"end":{"line":21,"column":74}},"6":{"start":{"line":21,"column":37},"end":{"line":21,"column":74}}},"fnMap":{"0":{"name":"(anonymous_0)","decl":{"start":{"line":9,"column":17},"end":{"line":9,"column":18}},"loc":{"start":{"line":10,"column":2},"end":{"line":14,"column":9}},"line":10},"1":{"name":"(anonymous_1)","decl":{"start":{"line":11,"column":15},"end":{"line":11,"column":16}},"loc":{"start":{"line":11,"column":23},"end":{"line":11,"column":61}},"line":11},"2":{"name":"(anonymous_2)","decl":{"start":{"line":17,"column":24},"end":{"line":17,"column":25}},"loc":{"start":{"line":17,"column":34},"end":{"line":19,"column":1}},"line":17},"3":{"name":"(anonymous_3)","decl":{"start":{"line":21,"column":25},"end":{"line":21,"column":26}},"loc":{"start":{"line":21,"column":37},"end":{"line":21,"column":74}},"line":21}},"branchMap":{},"s":{"0":1,"1":2,"2":4,"3":1,"4":2,"5":1,"6":2},"f":{"0":2,"1":4,"2":2,"3":2},"b":{},"_coverageSchema":"332fd63041d2c1bcb487cc26dd0d5f7d97098a6c","hash":"febf6553ad667b3ad9266ffec2779f7c54f0f13b"}
,"/home/rodrigoangelo/projetos/gonative-rocketseat/modulo05/src/services/api.js": {"path":"/home/rodrigoangelo/projetos/gonative-rocketseat/modulo05/src/services/api.js","statementMap":{},"fnMap":{},"branchMap":{},"s":{},"f":{},"b":{},"_coverageSchema":"332fd63041d2c1bcb487cc26dd0d5f7d97098a6c","hash":"d159dff404f9f340ff658302967da79f13b4e338"}
,"/home/rodrigoangelo/projetos/gonative-rocketseat/modulo05/src/store/actions.js": {"path":"/home/rodrigoangelo/projetos/gonative-rocketseat/modulo05/src/store/actions.js","statementMap":{"0":{"start":{"line":2,"column":2},"end":{"line":7,"column":4}},"1":{"start":{"line":11,"column":2},"end":{"line":16,"column":4}},"2":{"start":{"line":20,"column":2},"end":{"line":25,"column":4}}},"fnMap":{"0":{"name":"addTodo","decl":{"start":{"line":1,"column":16},"end":{"line":1,"column":23}},"loc":{"start":{"line":1,"column":30},"end":{"line":8,"column":1}},"line":1},"1":{"name":"removeTodo","decl":{"start":{"line":10,"column":16},"end":{"line":10,"column":26}},"loc":{"start":{"line":10,"column":31},"end":{"line":17,"column":1}},"line":10},"2":{"name":"completeTodo","decl":{"start":{"line":19,"column":16},"end":{"line":19,"column":28}},"loc":{"start":{"line":19,"column":33},"end":{"line":26,"column":1}},"line":19}},"branchMap":{},"s":{"0":3,"1":1,"2":2},"f":{"0":3,"1":1,"2":2},"b":{},"_coverageSchema":"332fd63041d2c1bcb487cc26dd0d5f7d97098a6c","hash":"7affaac0f3623c0ee49f81b1eb4d6371e8659c6c"}
,"/home/rodrigoangelo/projetos/gonative-rocketseat/modulo05/src/store/reducers.js": {"path":"/home/rodrigoangelo/projetos/gonative-rocketseat/modulo05/src/store/reducers.js","statementMap":{"0":{"start":{"line":2,"column":2},"end":{"line":19,"column":3}},"1":{"start":{"line":4,"column":6},"end":{"line":4,"column":74}},"2":{"start":{"line":7,"column":6},"end":{"line":7,"column":65}},"3":{"start":{"line":7,"column":34},"end":{"line":7,"column":63}},"4":{"start":{"line":10,"column":6},"end":{"line":15,"column":8}},"5":{"start":{"line":12,"column":10},"end":{"line":14,"column":18}},"6":{"start":{"line":18,"column":6},"end":{"line":18,"column":19}}},"fnMap":{"0":{"name":"todos","decl":{"start":{"line":1,"column":24},"end":{"line":1,"column":29}},"loc":{"start":{"line":1,"column":50},"end":{"line":20,"column":1}},"line":1},"1":{"name":"(anonymous_1)","decl":{"start":{"line":7,"column":26},"end":{"line":7,"column":27}},"loc":{"start":{"line":7,"column":34},"end":{"line":7,"column":63}},"line":7},"2":{"name":"(anonymous_2)","decl":{"start":{"line":11,"column":8},"end":{"line":11,"column":9}},"loc":{"start":{"line":12,"column":10},"end":{"line":14,"column":18}},"line":12}},"branchMap":{"0":{"loc":{"start":{"line":1,"column":30},"end":{"line":1,"column":40}},"type":"default-arg","locations":[{"start":{"line":1,"column":38},"end":{"line":1,"column":40}}],"line":1},"1":{"loc":{"start":{"line":2,"column":2},"end":{"line":19,"column":3}},"type":"switch","locations":[{"start":{"line":3,"column":4},"end":{"line":5,"column":5}},{"start":{"line":6,"column":4},"end":{"line":8,"column":5}},{"start":{"line":9,"column":4},"end":{"line":16,"column":5}},{"start":{"line":17,"column":4},"end":{"line":18,"column":19}}],"line":2},"2":{"loc":{"start":{"line":12,"column":10},"end":{"line":14,"column":18}},"type":"cond-expr","locations":[{"start":{"line":13,"column":14},"end":{"line":13,"column":53}},{"start":{"line":14,"column":14},"end":{"line":14,"column":18}}],"line":12}},"s":{"0":4,"1":1,"2":1,"3":2,"4":2,"5":4,"6":0},"f":{"0":4,"1":2,"2":4},"b":{"0":[0],"1":[1,1,2,0],"2":[2,2]},"_coverageSchema":"332fd63041d2c1bcb487cc26dd0d5f7d97098a6c","hash":"54311499c76920b11ae7ae08b5df9eb6c2c0197c"}
,"/home/rodrigoangelo/projetos/gonative-rocketseat/modulo05/src/store/sagas.js": {"path":"/home/rodrigoangelo/projetos/gonative-rocketseat/modulo05/src/store/sagas.js","statementMap":{"0":{"start":{"line":7,"column":19},"end":{"line":7,"column":75}},"1":{"start":{"line":9,"column":2},"end":{"line":13,"column":3}},"2":{"start":{"line":10,"column":4},"end":{"line":10,"column":53}},"3":{"start":{"line":12,"column":4},"end":{"line":12,"column":40}},"4":{"start":{"line":17,"column":2},"end":{"line":17,"column":60}}},"fnMap":{"0":{"name":"addUserFromGithub","decl":{"start":{"line":6,"column":10},"end":{"line":6,"column":27}},"loc":{"start":{"line":6,"column":36},"end":{"line":14,"column":1}},"line":6},"1":{"name":"root","decl":{"start":{"line":16,"column":25},"end":{"line":16,"column":29}},"loc":{"start":{"line":16,"column":32},"end":{"line":18,"column":1}},"line":16}},"branchMap":{"0":{"loc":{"start":{"line":9,"column":2},"end":{"line":13,"column":3}},"type":"if","locations":[{"start":{"line":9,"column":2},"end":{"line":13,"column":3}},{"start":{"line":9,"column":2},"end":{"line":13,"column":3}}],"line":9}},"s":{"0":2,"1":2,"2":1,"3":1,"4":2},"f":{"0":2,"1":2},"b":{"0":[1,1]},"_coverageSchema":"332fd63041d2c1bcb487cc26dd0d5f7d97098a6c","hash":"37990ccb201912bbf4972f0cf12b368def071c81"}
,"/home/rodrigoangelo/projetos/gonative-rocketseat/modulo05/src/store/userActions.js": {"path":"/home/rodrigoangelo/projetos/gonative-rocketseat/modulo05/src/store/userActions.js","statementMap":{"0":{"start":{"line":2,"column":2},"end":{"line":7,"column":4}},"1":{"start":{"line":11,"column":2},"end":{"line":16,"column":4}},"2":{"start":{"line":20,"column":2},"end":{"line":22,"column":4}}},"fnMap":{"0":{"name":"addUserRequest","decl":{"start":{"line":1,"column":16},"end":{"line":1,"column":30}},"loc":{"start":{"line":1,"column":41},"end":{"line":8,"column":1}},"line":1},"1":{"name":"addUserSuccess","decl":{"start":{"line":10,"column":16},"end":{"line":10,"column":30}},"loc":{"start":{"line":10,"column":37},"end":{"line":17,"column":1}},"line":10},"2":{"name":"addUserFailure","decl":{"start":{"line":19,"column":16},"end":{"line":19,"column":30}},"loc":{"start":{"line":19,"column":33},"end":{"line":23,"column":1}},"line":19}},"branchMap":{},"s":{"0":2,"1":3,"2":3},"f":{"0":2,"1":3,"2":3},"b":{},"_coverageSchema":"332fd63041d2c1bcb487cc26dd0d5f7d97098a6c","hash":"e08a843120bc8479c2389f4caabac9aec58105b8"}
}
